<?xml version="1.0" encoding="utf-8" standalone="no"?>
<!--This file represents the results of running a test suite-->
<test-results name="D:\tmp\CalcFarm\CalcFarmNunitTest\bin\Release\CalcFarmNunitTest.dll" total="1" errors="0" failures="0" not-run="0" inconclusive="0" ignored="0" skipped="0" invalid="0" date="2014-06-26" time="19:52:04">
  <environment nunit-version="2.6.3.13283" clr-version="2.0.50727.6387" os-version="Microsoft Windows NT 6.2.9200.0" platform="Win32NT" cwd="C:\Program Files (x86)\NUnit 2.6.3\bin" machine-name="IDEA-PC" user="norman" user-domain="idea-PC" />
  <culture-info current-culture="en-US" current-uiculture="en-US" />
  <test-suite type="Assembly" name="D:\tmp\CalcFarm\CalcFarmNunitTest\bin\Release\CalcFarmNunitTest.dll" executed="True" result="Success" success="True" time="30.350" asserts="0">
    <results>
      <test-suite type="Namespace" name="CalcFarmNunitTest" executed="True" result="Success" success="True" time="30.332" asserts="0">
        <results>
          <test-suite type="TestFixture" name="PerformanceTest" executed="True" result="Success" success="True" time="30.329" asserts="0">
            <results>
              <test-case name="CalcFarmNunitTest.PerformanceTest.AffirmCalcServerInPaceWithPriceServer" executed="True" result="Success" success="True" time="30.317" asserts="1" />
            </results>
          </test-suite>
        </results>
      </test-suite>
    </results>
  </test-suite>
</test-results>